Arguments: 
  C:\Program Files\nodejs\node.exe C:\Program Files (x86)\Yarn\bin\yarn.js install

PATH: 
  C:\ProgramData\Oracle\Java\javapath;C:\Windows\system32;C:\Windows;C:\Windows\System32\Wbem;C:\Windows\System32\WindowsPowerShell\v1.0\;C:\Program Files\Java\jdk1.7.0_45\bin;D:\AndroidMannger\sdk\tools;C:\Program Files\TortoiseSVN\bin;C:\Program Files\Git\cmd;C:\Program Files\nodejs\;C:\Program Files (x86)\Yarn\bin\;D:\Program Files\Bandizip\;D:\AndroidMannger\sdk\tools;C:\Users\lw-yf-011\AppData\Local\Programs\Microsoft VS Code\bin;C:\Users\lw-yf-011\AppData\Roaming\npm;C:\Users\lw-yf-011\AppData\Local\Yarn\bin

Yarn version: 
  1.10.1

Node version: 
  8.12.0

Platform: 
  win32 x64

Trace: 
  Error: ENOENT: no such file or directory, open 'C:\Users\lw-yf-011\AppData\Local\Yarn\Cache\v2\npm-addressparser-1.0.1-47afbe1a2a9262191db6838e4fd1d39b40821746\.yarn-metadata.json'

npm manifest: 
  {
  	"name": "lw-tpk-pc",
  	"version": "0.0.0",
  	"license": "MIT",
  	"scripts": {
  		"ng": "ng",
  		"start": "ng serve --port 4600 --hmr --e=hmr --proxy-config proxy.conf.json --host 0.0.0.0 --disable-host-check --open",
  		"build": "ng build --prod --aot",
  		"test": "ng test",
  		"lint": "ng lint",
  		"e2e": "ng e2e",
  		"pull": "git pull origin dev-3.07",
  		"push": "git push origin dev-3.07"
  	},
  	"private": true,
  	"dependencies": {
  		"@angular/animations": "^5.2.2",
  		"@angular/cdk": "^5.2.4",
  		"@angular/common": "^5.2.2",
  		"@angular/compiler": "^5.2.2",
  		"@angular/core": "^5.2.2",
  		"@angular/forms": "^5.2.2",
  		"@angular/http": "^5.2.2",
  		"@angular/platform-browser": "^5.2.2",
  		"@angular/platform-browser-dynamic": "^5.2.2",
  		"@angular/router": "^5.2.2",
  		"@flowjs/flow.js": "^2.13.0",
  		"@ngrx/store": "^4.1.1",
  		"@ngx-gallery/core": "^2.0.0-beta.4",
  		"@ngx-gallery/gallerize": "^2.0.0-beta.4",
  		"@ngx-gallery/lightbox": "^2.0.0-beta.4",
  		"angular2-draggable": "^1.3.1",
  		"animate.css": "^3.5.2",
  		"core-js": "^2.4.1",
  		"echarts": "^4.0.4",
  		"echarts-liquidfill": "^2.0.0",
  		"flex.css": "^1.1.7",
  		"font-awesome": "^4.7.0",
  		"hammerjs": "^2.0.8",
  		"layui-laydate": "^5.0.9",
  		"lw-font": "0.0.9",
  		"lw-ngx-ueditor": "^1.0.8",
  		"ng-dynamic-component": "^2.0.3",
  		"ng-zorro-antd": "^0.6.13",
  		"ng2-dnd": "^5.0.2",
  		"ng2-file-upload": "^1.3.0",
  		"ngx-echarts": "^2.1.0",
  		"primeng": "^5.2.0-rc.2",
  		"rxjs": "^5.5.6",
  		"video.js": "^6.6.3",
  		"videojs-flash": "^2.1.0",
  		"zone.js": "^0.8.19"
  	},
  	"devDependencies": {
  		"@angular-devkit/core": "0.0.28",
  		"@angular/cli": "1.6.4",
  		"@angular/compiler-cli": "^5.2.2",
  		"@angular/language-service": "^5.2.2",
  		"@angularclass/hmr": "^2.1.3",
  		"@types/jasmine": "^2.8.6",
  		"@types/jasminewd2": "~2.0.2",
  		"@types/node": "~6.0.60",
  		"@types/video.js": "^6.2.3",
  		"codelyzer": "^4.0.1",
  		"jasmine-core": "~2.8.0",
  		"jasmine-spec-reporter": "~4.2.1",
  		"karma": "~2.0.0",
  		"karma-chrome-launcher": "~2.2.0",
  		"karma-cli": "~1.0.1",
  		"karma-coverage-istanbul-reporter": "^1.4.1",
  		"karma-jasmine": "~1.1.0",
  		"karma-jasmine-html-reporter": "^0.2.2",
  		"protractor": "~5.1.2",
  		"ts-node": "~3.2.0",
  		"tslint": "~5.9.1",
  		"typescript": "~2.5.3"
  	}
  }

yarn manifest: 
  No manifest

Lockfile: 
  No lockfile
