Arguments: 
  /usr/local/bin/node /usr/local/bin/yarn install

PATH: 
  /usr/local/sbin:/usr/local/bin:/sbin:/bin:/usr/sbin:/usr/bin:/root/bin

Yarn version: 
  1.5.1

Node version: 
  8.10.0

Platform: 
  darwin x64

npm manifest: 
  {
    "name": "lwbdp-web",
    "version": "0.0.1",
    "description": "A workflow for Angular made with Webpack",
    "scripts": {
      "build": "rimraf target && webpack --bail --progress --profile",
      "form": "rimraf dist && webpack --config webpack.form.js --bail --progress --profile",
      "server": "webpack-dev-server --inline --progress",
      "test": "karma start",
      "test-watch": "karma start --auto-watch --no-single-run",
      "start": "npm run server"
    },
    "repository": {
      "type": "git",
      "url": "git@10.0.0.4:lwbdp/lwbdpweb-project.git"
    },
    "author": "",
    "license": "ISC",
    "dependencies": {
      "angular": "1.6.6",
      "angular-animate": "1.6.6",
      "angular-popups": "0.0.2",
      "angular-sanitize": "1.6.6",
      "angular-ui-bootstrap": "^2.5.0",
      "angular-ui-router": "^0.4.2",
      "angular-ws": "^1.1.0",
      "echarts": "^3.5.4",
      "jquery": "1.9.1",
      "lw-common": "0.0.82",
      "lw-font": "0.0.1",
      "ng-file-upload": "^12.2.13",
      "ngdraggable": "^0.1.10",
      "w5cValidator": "^2.4.21",
      "ztree": "^3.5.24"
    },
    "devDependencies": {
      "add-asset-html-webpack-plugin": "^2.1.2",
      "autoprefixer": "7.1.0",
      "babel-core": "^6.25.0",
      "babel-loader": "^7.1.1",
      "babel-plugin-transform-runtime": "^6.15.0",
      "babel-preset-es2015": "^6.24.1",
      "babel-runtime": "^6.11.6",
      "copy-webpack-plugin": "4.0.1",
      "css-loader": "^0.28.4",
      "extract-text-webpack-plugin": "^3.0.0",
      "file-loader": "^0.11.2",
      "html-loader": "^0.4.5",
      "html-webpack-plugin": "^2.7.1",
      "istanbul-instrumenter-loader": "^3.0.0",
      "node-libs-browser": "^2.0.0",
      "null-loader": "^0.1.1",
      "phantomjs-prebuilt": "^2.1.4",
      "postcss-loader": "^2.0.6",
      "rimraf": "^2.6.1",
      "style-loader": "^0.18.2",
      "url-loader": "^0.5.8",
      "webpack": "^3.4.1",
      "webpack-dev-server": "^2.6.1",
      "zip-webpack-plugin": "^2.1.0"
    }
  }

yarn manifest: 
  No manifest

Lockfile: 
  No lockfile

Trace: 
  Error: getaddrinfo ENOTFOUND registry.npm.taobao.prg registry.npm.taobao.prg:443
      at errnoException (dns.js:50:10)
      at GetAddrInfoReqWrap.onlookup [as oncomplete] (dns.js:92:26)
