0 info it worked if it ends with ok
1 verbose cli [ 'C:\\Program Files\\nodejs\\node.exe',
1 verbose cli   'C:\\Program Files\\nodejs\\node_modules\\npm\\bin\\npm-cli.js',
1 verbose cli   'run',
1 verbose cli   'start',
1 verbose cli   '--scripts-prepend-node-path=auto' ]
2 info using npm@3.10.10
3 info using node@v6.10.0
4 verbose run-script [ 'prestart', 'start', 'poststart' ]
5 info lifecycle lwbdp-web@1.1.0~prestart: lwbdp-web@1.1.0
6 silly lifecycle lwbdp-web@1.1.0~prestart: no script for prestart, continuing
7 info lifecycle lwbdp-web@1.1.0~start: lwbdp-web@1.1.0
8 verbose lifecycle lwbdp-web@1.1.0~start: unsafe-perm in lifecycle true
9 verbose lifecycle lwbdp-web@1.1.0~start: PATH: C:\Program Files\nodejs\node_modules\npm\bin\node-gyp-bin;D:\laiwei\bdp_front\lwbdp-web\node_modules\.bin;C:\Program Files\nodejs;D:\JDP\Ruby24-x64\bin;D:\soft\ruby\RailsInstaller\Ruby2.2.0\bin;C:\ProgramData\Oracle\Java\javapath;D:\JDP\maven\apache-maven-3.0.5\bin;C:\Windows\system32;C:\Windows;C:\Windows\System32\Wbem;C:\Windows\System32\WindowsPowerShell\v1.0\;D:\JDP\jdk1.8\bin;D:\TortoiseSVN\bin;D:\JDP\node-v8.9.0;D:\Program Files\Git\cmd;D:\JDP\python;C:\Program Files (x86)\Windows Kits\8.1\Windows Performance Toolkit\;D:\Program Files\Git;D:\soft\VSCode\bin;C:\Users\lw-yf-015\AppData\Roaming\npm
10 verbose lifecycle lwbdp-web@1.1.0~start: CWD: D:\laiwei\bdp_front\lwbdp-web
11 silly lifecycle lwbdp-web@1.1.0~start: Args: [ '/d /s /c', 'npm run server' ]
12 silly lifecycle lwbdp-web@1.1.0~start: Returned: code: 1  signal: null
13 info lifecycle lwbdp-web@1.1.0~start: Failed to exec start script
14 verbose stack Error: lwbdp-web@1.1.0 start: `npm run server`
14 verbose stack Exit status 1
14 verbose stack     at EventEmitter.<anonymous> (C:\Program Files\nodejs\node_modules\npm\lib\utils\lifecycle.js:255:16)
14 verbose stack     at emitTwo (events.js:106:13)
14 verbose stack     at EventEmitter.emit (events.js:191:7)
14 verbose stack     at ChildProcess.<anonymous> (C:\Program Files\nodejs\node_modules\npm\lib\utils\spawn.js:40:14)
14 verbose stack     at emitTwo (events.js:106:13)
14 verbose stack     at ChildProcess.emit (events.js:191:7)
14 verbose stack     at maybeClose (internal/child_process.js:877:16)
14 verbose stack     at Process.ChildProcess._handle.onexit (internal/child_process.js:226:5)
15 verbose pkgid lwbdp-web@1.1.0
16 verbose cwd D:\laiwei\bdp_front\lwbdp-web
17 error Windows_NT 6.1.7601
18 error argv "C:\\Program Files\\nodejs\\node.exe" "C:\\Program Files\\nodejs\\node_modules\\npm\\bin\\npm-cli.js" "run" "start" "--scripts-prepend-node-path=auto"
19 error node v6.10.0
20 error npm  v3.10.10
21 error code ELIFECYCLE
22 error lwbdp-web@1.1.0 start: `npm run server`
22 error Exit status 1
23 error Failed at the lwbdp-web@1.1.0 start script 'npm run server'.
23 error Make sure you have the latest version of node.js and npm installed.
23 error If you do, this is most likely a problem with the lwbdp-web package,
23 error not with npm itself.
23 error Tell the author that this fails on your system:
23 error     npm run server
23 error You can get information on how to open an issue for this project with:
23 error     npm bugs lwbdp-web
23 error Or if that isn't available, you can get their info via:
23 error     npm owner ls lwbdp-web
23 error There is likely additional logging output above.
24 verbose exit [ 1, true ]
